<?xml version="1.0" encoding="UTF-8"?>
<!-- Generated by org.testng.reporters.JUnitReportReporter -->
<testsuite name="com.shekhar.TestNG.Day4" tests="3" time="0.008" ignored="1" failures="0" timestamp="29 Feb 2020 22:06:25 GMT" skipped="0" hostname="shashi" errors="0">
  <testcase name="MobileLoginHome" time="0.004" classname="com.shekhar.TestNG.Day4"/>
  <testcase name="WebLoginHome" time="0.000" classname="com.shekhar.TestNG.Day4"/>
  <testcase name="APILoginHome" time="0.004" classname="com.shekhar.TestNG.Day4"/>
  <testcase name="Mobile_SignIn_Bike" classname="com.shekhar.TestNG.Day2">
    <skipped/>
  </testcase> <!-- Mobile_SignIn_Bike -->
</testsuite> <!-- com.shekhar.TestNG.Day4 -->
