<?xml version="1.0" encoding="UTF-8"?>
<!-- Generated by org.testng.reporters.JUnitReportReporter -->
<testsuite name="com.shekhar.TestNG1.Day5" tests="3" time="0.020" ignored="0" failures="0" timestamp="29 Feb 2020 21:52:14 GMT" skipped="0" hostname="shashi" errors="0">
  <testcase name="method51" time="0.000" classname="com.shekhar.TestNG1.Day5"/>
  <testcase name="method51" time="0.016" classname="com.shekhar.TestNG1.Day5"/>
  <testcase name="method51" time="0.004" classname="com.shekhar.TestNG1.Day5"/>
</testsuite> <!-- com.shekhar.TestNG1.Day5 -->
