<?xml version="1.0" encoding="UTF-8"?>
<!-- Generated by org.testng.reporters.JUnitReportReporter -->
<testsuite name="com.shekhar.TestNG1.PropertiesClassParametrization" tests="1" time="7.627" ignored="0" failures="0" timestamp="02 Mar 2020 19:59:39 GMT" skipped="0" hostname="shashi" errors="0">
  <testcase name="Login" time="7.627" classname="com.shekhar.TestNG1.PropertiesClassParametrization"/>
</testsuite> <!-- com.shekhar.TestNG1.PropertiesClassParametrization -->
