<?xml version="1.0" encoding="UTF-8"?>
<!-- Generated by org.testng.reporters.JUnitReportReporter -->
<testsuite skipped="0" hostname="shashi" name="com.shekhar.TestNG.DayTest" tests="1" failures="0" timestamp="06 Mar 2020 15:14:09 GMT" time="0.000" errors="0">
  <testcase name="daYTest" time="0.000" classname="com.shekhar.TestNG.DayTest"/>
</testsuite> <!-- com.shekhar.TestNG.DayTest -->
