<?xml version="1.0" encoding="UTF-8"?>
<!-- Generated by org.testng.reporters.JUnitReportReporter -->
<testsuite skipped="1" hostname="shashi" name="com.shekhar.TestNG.TestDay2" tests="3" failures="0" timestamp="06 Mar 2020 17:01:12 GMT" time="0.004" errors="0">
  <testcase name="WebLoginBike" time="0.004" classname="com.shekhar.TestNG.TestDay2"/>
  <testcase name="APILoginBike" time="0.000" classname="com.shekhar.TestNG.TestDay2"/>
  <testcase name="Mobile_SignIn_Bike" classname="com.shekhar.TestNG.TestDay2">
    <skipped/>
  </testcase> <!-- Mobile_SignIn_Bike -->
</testsuite> <!-- com.shekhar.TestNG.TestDay2 -->
