<?xml version="1.0" encoding="UTF-8"?>
<!-- Generated by org.testng.reporters.JUnitReportReporter -->
<testsuite skipped="0" hostname="shashi" name="com.shekhar.TestNG.Day4" tests="3" failures="0" timestamp="06 Mar 2020 17:01:12 GMT" time="0.000" errors="0">
  <testcase name="WebLoginHome" time="0.000" classname="com.shekhar.TestNG.Day4"/>
  <testcase name="APILoginHome" time="0.000" classname="com.shekhar.TestNG.Day4"/>
  <testcase name="MobileLoginHome" time="0.000" classname="com.shekhar.TestNG.Day4"/>
</testsuite> <!-- com.shekhar.TestNG.Day4 -->
