<?xml version="1.0" encoding="UTF-8"?>
<!-- Generated by org.testng.reporters.JUnitReportReporter -->
<testsuite skipped="0" hostname="shashi" name="com.shekhar.Test1123" tests="1" failures="0" timestamp="06 Mar 2020 15:14:09 GMT" time="0.016" errors="0">
  <testcase name="testMethod" time="0.016" classname="com.shekhar.Test1123"/>
</testsuite> <!-- com.shekhar.Test1123 -->
