<?xml version="1.0" encoding="UTF-8"?>
<!-- Generated by org.testng.reporters.JUnitReportReporter -->
<testsuite skipped="0" hostname="shashi" name="com.shekhar.TestNG.TestDay3" tests="2" failures="0" timestamp="06 Mar 2020 17:01:12 GMT" time="0.004" errors="0">
  <testcase name="APILoginCar" time="0.004" classname="com.shekhar.TestNG.TestDay3"/>
  <testcase name="WebLoginCar" time="0.000" classname="com.shekhar.TestNG.TestDay3"/>
</testsuite> <!-- com.shekhar.TestNG.TestDay3 -->
